stdio    D         file_stdio.c:110  file_stdio_fopen                 [   0.00000] opening C:\Users\ASUS\Desktop\I2P1_Final_project-master\I2P1_Final_project-master\Final\allegro5.cfg r
system   D            wsystem.c:874  _al_win_safe_load_library        [   0.00000] PathFindOnPath found: C:\WINDOWS\system32\shcore.dll
system   D            wsystem.c:780  load_library_at_path             [   0.00000] Calling LoadLibrary C:\WINDOWS\system32\shcore.dll
system   I            wsystem.c:783  load_library_at_path             [   0.00000] Loaded C:\WINDOWS\system32\shcore.dll
system   I             system.c:271  al_install_system                [   0.00000] Allegro version: 5.2.7
audio-dsound I           dsound.cpp:271  _dsound_open                     [   0.00085] Starting DirectSound...
audio-dsound D           dsound.cpp:280  _dsound_open                     [   0.03458] DirectSoundCreate8 succeeded
audio-dsound I           dsound.cpp:73   get_window                       [   0.03464] Using desktop window: 0000000000010010
audio    I              audio.c:347  do_install_audio                 [   0.03472] Using DirectSound driver
system   D            wsystem.c:874  _al_win_safe_load_library        [   0.03494] PathFindOnPath found: C:\WINDOWS\system32\d3d9.dll
system   D            wsystem.c:780  load_library_at_path             [   0.03496] Calling LoadLibrary C:\WINDOWS\system32\d3d9.dll
system   I            wsystem.c:783  load_library_at_path             [   0.03611] Loaded C:\WINDOWS\system32\d3d9.dll
d3d      I         d3d_disp.cpp:684  d3d_init_display                 [   0.05135] Render-to-texture: 1
d3d      I         d3d_disp.cpp:1782 d3d_create_display_locked        [   0.05189] faux_fullscreen=0
d3d      D         d3d_disp.cpp:1783 d3d_create_display_locked        [   0.05191] al_display=0000000000f3ae60
d3d      D         d3d_disp.cpp:1784 d3d_create_display_locked        [   0.05192] al_display->vt=0000000000f3acf0
d3d      I d3d_display_formats.cpp:144  _al_d3d_generate_display_format_list [   0.05290] found 64 format combinations
display  D   display_settings.c:212  debug_display_settings           [   0.05293] color: 32 (rgba 8880), depth: 0, stencil: 0, acc: 0000, samples: 0/0
display  D   display_settings.c:527  _al_score_display_settings       [   0.05295] Score is : 897
display  D   display_settings.c:212  debug_display_settings           [   0.05296] color: 32 (rgba 8880), depth: 0, stencil: 0, acc: 0000, samples: 0/0
display  D   display_settings.c:527  _al_score_display_settings       [   0.05298] Score is : 897
display  D   display_settings.c:212  debug_display_settings           [   0.05299] color: 32 (rgba 8880), depth: 24, stencil: 8, acc: 0000, samples: 0/0
display  D   display_settings.c:527  _al_score_display_settings       [   0.05300] Score is : 897
display  D   display_settings.c:212  debug_display_settings           [   0.05301] color: 32 (rgba 8880), depth: 24, stencil: 8, acc: 0000, samples: 0/0
display  D   display_settings.c:527  _al_score_display_settings       [   0.05302] Score is : 897
display  D   display_settings.c:212  debug_display_settings           [   0.05303] color: 32 (rgba 8880), depth: 24, stencil: 0, acc: 0000, samples: 0/0
display  D   display_settings.c:527  _al_score_display_settings       [   0.05305] Score is : 897
display  D   display_settings.c:212  debug_display_settings           [   0.05306] color: 32 (rgba 8880), depth: 24, stencil: 0, acc: 0000, samples: 0/0
display  D   display_settings.c:527  _al_score_display_settings       [   0.05307] Score is : 897
display  D   display_settings.c:212  debug_display_settings           [   0.05308] color: 32 (rgba 8880), depth: 16, stencil: 0, acc: 0000, samples: 0/0
display  D   display_settings.c:527  _al_score_display_settings       [   0.05309] Score is : 897
display  D   display_settings.c:212  debug_display_settings           [   0.05311] color: 32 (rgba 8880), depth: 16, stencil: 0, acc: 0000, samples: 0/0
display  D   display_settings.c:527  _al_score_display_settings       [   0.05312] Score is : 897
display  D   display_settings.c:212  debug_display_settings           [   0.05318] color: 16 (rgba 5650), depth: 0, stencil: 0, acc: 0000, samples: 0/0
display  D   display_settings.c:527  _al_score_display_settings       [   0.05319] Score is : 897
display  D   display_settings.c:212  debug_display_settings           [   0.05320] color: 16 (rgba 5650), depth: 0, stencil: 0, acc: 0000, samples: 0/0
display  D   display_settings.c:527  _al_score_display_settings       [   0.05322] Score is : 897
display  D   display_settings.c:212  debug_display_settings           [   0.05323] color: 16 (rgba 5650), depth: 24, stencil: 8, acc: 0000, samples: 0/0
display  D   display_settings.c:527  _al_score_display_settings       [   0.05324] Score is : 897
display  D   display_settings.c:212  debug_display_settings           [   0.05325] color: 16 (rgba 5650), depth: 24, stencil: 8, acc: 0000, samples: 0/0
display  D   display_settings.c:527  _al_score_display_settings       [   0.05326] Score is : 897
display  D   display_settings.c:212  debug_display_settings           [   0.05327] color: 16 (rgba 5650), depth: 24, stencil: 0, acc: 0000, samples: 0/0
display  D   display_settings.c:527  _al_score_display_settings       [   0.05329] Score is : 897
display  D   display_settings.c:212  debug_display_settings           [   0.05330] color: 16 (rgba 5650), depth: 24, stencil: 0, acc: 0000, samples: 0/0
display  D   display_settings.c:527  _al_score_display_settings       [   0.05331] Score is : 897
display  D   display_settings.c:212  debug_display_settings           [   0.05332] color: 16 (rgba 5650), depth: 16, stencil: 0, acc: 0000, samples: 0/0
display  D   display_settings.c:527  _al_score_display_settings       [   0.05333] Score is : 897
display  D   display_settings.c:212  debug_display_settings           [   0.05334] color: 16 (rgba 5650), depth: 16, stencil: 0, acc: 0000, samples: 0/0
display  D   display_settings.c:527  _al_score_display_settings       [   0.05336] Score is : 897
display  D   display_settings.c:212  debug_display_settings           [   0.05337] color: 32 (rgba 8880), depth: 0, stencil: 0, acc: 0000, samples: 0/0
display  D   display_settings.c:398  _al_score_display_settings       [   0.05338] Single Buffer requirement not met.
display  D   display_settings.c:212  debug_display_settings           [   0.05339] color: 32 (rgba 8880), depth: 0, stencil: 0, acc: 0000, samples: 0/0
display  D   display_settings.c:398  _al_score_display_settings       [   0.05340] Single Buffer requirement not met.
display  D   display_settings.c:212  debug_display_settings           [   0.05342] color: 32 (rgba 8880), depth: 24, stencil: 8, acc: 0000, samples: 0/0
display  D   display_settings.c:398  _al_score_display_settings       [   0.05343] Single Buffer requirement not met.
display  D   display_settings.c:212  debug_display_settings           [   0.05344] color: 32 (rgba 8880), depth: 24, stencil: 8, acc: 0000, samples: 0/0
display  D   display_settings.c:398  _al_score_display_settings       [   0.05345] Single Buffer requirement not met.
display  D   display_settings.c:212  debug_display_settings           [   0.05346] color: 32 (rgba 8880), depth: 24, stencil: 0, acc: 0000, samples: 0/0
display  D   display_settings.c:398  _al_score_display_settings       [   0.05347] Single Buffer requirement not met.
display  D   display_settings.c:212  debug_display_settings           [   0.05349] color: 32 (rgba 8880), depth: 24, stencil: 0, acc: 0000, samples: 0/0
display  D   display_settings.c:398  _al_score_display_settings       [   0.05350] Single Buffer requirement not met.
display  D   display_settings.c:212  debug_display_settings           [   0.05351] color: 32 (rgba 8880), depth: 16, stencil: 0, acc: 0000, samples: 0/0
display  D   display_settings.c:398  _al_score_display_settings       [   0.05352] Single Buffer requirement not met.
display  D   display_settings.c:212  debug_display_settings           [   0.05353] color: 32 (rgba 8880), depth: 16, stencil: 0, acc: 0000, samples: 0/0
display  D   display_settings.c:398  _al_score_display_settings       [   0.05355] Single Buffer requirement not met.
display  D   display_settings.c:212  debug_display_settings           [   0.05356] color: 16 (rgba 5650), depth: 0, stencil: 0, acc: 0000, samples: 0/0
display  D   display_settings.c:398  _al_score_display_settings       [   0.05357] Single Buffer requirement not met.
display  D   display_settings.c:212  debug_display_settings           [   0.05358] color: 16 (rgba 5650), depth: 0, stencil: 0, acc: 0000, samples: 0/0
display  D   display_settings.c:398  _al_score_display_settings       [   0.05360] Single Buffer requirement not met.
display  D   display_settings.c:212  debug_display_settings           [   0.05361] color: 16 (rgba 5650), depth: 24, stencil: 8, acc: 0000, samples: 0/0
display  D   display_settings.c:398  _al_score_display_settings       [   0.05362] Single Buffer requirement not met.
display  D   display_settings.c:212  debug_display_settings           [   0.05363] color: 16 (rgba 5650), depth: 24, stencil: 8, acc: 0000, samples: 0/0
display  D   display_settings.c:398  _al_score_display_settings       [   0.05364] Single Buffer requirement not met.
display  D   display_settings.c:212  debug_display_settings           [   0.05365] color: 16 (rgba 5650), depth: 24, stencil: 0, acc: 0000, samples: 0/0
display  D   display_settings.c:398  _al_score_display_settings       [   0.05367] Single Buffer requirement not met.
display  D   display_settings.c:212  debug_display_settings           [   0.05368] color: 16 (rgba 5650), depth: 24, stencil: 0, acc: 0000, samples: 0/0
display  D   display_settings.c:398  _al_score_display_settings       [   0.05369] Single Buffer requirement not met.
display  D   display_settings.c:212  debug_display_settings           [   0.05370] color: 16 (rgba 5650), depth: 16, stencil: 0, acc: 0000, samples: 0/0
display  D   display_settings.c:398  _al_score_display_settings       [   0.05371] Single Buffer requirement not met.
display  D   display_settings.c:212  debug_display_settings           [   0.05372] color: 16 (rgba 5650), depth: 16, stencil: 0, acc: 0000, samples: 0/0
display  D   display_settings.c:398  _al_score_display_settings       [   0.05374] Single Buffer requirement not met.
display  D   display_settings.c:212  debug_display_settings           [   0.05375] color: 32 (rgba 8880), depth: 0, stencil: 0, acc: 0000, samples: 0/0
display  D   display_settings.c:527  _al_score_display_settings       [   0.05376] Score is : 769
display  D   display_settings.c:212  debug_display_settings           [   0.05377] color: 32 (rgba 8880), depth: 0, stencil: 0, acc: 0000, samples: 0/0
display  D   display_settings.c:527  _al_score_display_settings       [   0.05378] Score is : 769
display  D   display_settings.c:212  debug_display_settings           [   0.05379] color: 32 (rgba 8880), depth: 24, stencil: 8, acc: 0000, samples: 0/0
display  D   display_settings.c:527  _al_score_display_settings       [   0.05381] Score is : 769
display  D   display_settings.c:212  debug_display_settings           [   0.05382] color: 32 (rgba 8880), depth: 24, stencil: 8, acc: 0000, samples: 0/0
display  D   display_settings.c:527  _al_score_display_settings       [   0.05383] Score is : 769
display  D   display_settings.c:212  debug_display_settings           [   0.05384] color: 32 (rgba 8880), depth: 24, stencil: 0, acc: 0000, samples: 0/0
display  D   display_settings.c:527  _al_score_display_settings       [   0.05385] Score is : 769
display  D   display_settings.c:212  debug_display_settings           [   0.05386] color: 32 (rgba 8880), depth: 24, stencil: 0, acc: 0000, samples: 0/0
display  D   display_settings.c:527  _al_score_display_settings       [   0.05388] Score is : 769
display  D   display_settings.c:212  debug_display_settings           [   0.05389] color: 32 (rgba 8880), depth: 16, stencil: 0, acc: 0000, samples: 0/0
display  D   display_settings.c:527  _al_score_display_settings       [   0.05390] Score is : 769
display  D   display_settings.c:212  debug_display_settings           [   0.05391] color: 32 (rgba 8880), depth: 16, stencil: 0, acc: 0000, samples: 0/0
display  D   display_settings.c:527  _al_score_display_settings       [   0.05392] Score is : 769
display  D   display_settings.c:212  debug_display_settings           [   0.05394] color: 16 (rgba 5650), depth: 0, stencil: 0, acc: 0000, samples: 0/0
display  D   display_settings.c:527  _al_score_display_settings       [   0.05395] Score is : 769
display  D   display_settings.c:212  debug_display_settings           [   0.05396] color: 16 (rgba 5650), depth: 0, stencil: 0, acc: 0000, samples: 0/0
display  D   display_settings.c:527  _al_score_display_settings       [   0.05397] Score is : 769
display  D   display_settings.c:212  debug_display_settings           [   0.05398] color: 16 (rgba 5650), depth: 24, stencil: 8, acc: 0000, samples: 0/0
display  D   display_settings.c:527  _al_score_display_settings       [   0.05400] Score is : 769
display  D   display_settings.c:212  debug_display_settings           [   0.05401] color: 16 (rgba 5650), depth: 24, stencil: 8, acc: 0000, samples: 0/0
display  D   display_settings.c:527  _al_score_display_settings       [   0.05402] Score is : 769
display  D   display_settings.c:212  debug_display_settings           [   0.05403] color: 16 (rgba 5650), depth: 24, stencil: 0, acc: 0000, samples: 0/0
display  D   display_settings.c:527  _al_score_display_settings       [   0.05404] Score is : 769
display  D   display_settings.c:212  debug_display_settings           [   0.05405] color: 16 (rgba 5650), depth: 24, stencil: 0, acc: 0000, samples: 0/0
display  D   display_settings.c:527  _al_score_display_settings       [   0.05406] Score is : 769
display  D   display_settings.c:212  debug_display_settings           [   0.05407] color: 16 (rgba 5650), depth: 16, stencil: 0, acc: 0000, samples: 0/0
display  D   display_settings.c:527  _al_score_display_settings       [   0.05409] Score is : 769
display  D   display_settings.c:212  debug_display_settings           [   0.05410] color: 16 (rgba 5650), depth: 16, stencil: 0, acc: 0000, samples: 0/0
display  D   display_settings.c:527  _al_score_display_settings       [   0.05411] Score is : 769
display  D   display_settings.c:212  debug_display_settings           [   0.05412] color: 32 (rgba 8880), depth: 0, stencil: 0, acc: 0000, samples: 0/0
display  D   display_settings.c:398  _al_score_display_settings       [   0.05413] Single Buffer requirement not met.
display  D   display_settings.c:212  debug_display_settings           [   0.05415] color: 32 (rgba 8880), depth: 0, stencil: 0, acc: 0000, samples: 0/0
display  D   display_settings.c:398  _al_score_display_settings       [   0.05416] Single Buffer requirement not met.
display  D   display_settings.c:212  debug_display_settings           [   0.05417] color: 32 (rgba 8880), depth: 24, stencil: 8, acc: 0000, samples: 0/0
display  D   display_settings.c:398  _al_score_display_settings       [   0.05419] Single Buffer requirement not met.
display  D   display_settings.c:212  debug_display_settings           [   0.05420] color: 32 (rgba 8880), depth: 24, stencil: 8, acc: 0000, samples: 0/0
display  D   display_settings.c:398  _al_score_display_settings       [   0.05421] Single Buffer requirement not met.
display  D   display_settings.c:212  debug_display_settings           [   0.05422] color: 32 (rgba 8880), depth: 24, stencil: 0, acc: 0000, samples: 0/0
display  D   display_settings.c:398  _al_score_display_settings       [   0.05423] Single Buffer requirement not met.
display  D   display_settings.c:212  debug_display_settings           [   0.05425] color: 32 (rgba 8880), depth: 24, stencil: 0, acc: 0000, samples: 0/0
display  D   display_settings.c:398  _al_score_display_settings       [   0.05426] Single Buffer requirement not met.
display  D   display_settings.c:212  debug_display_settings           [   0.05427] color: 32 (rgba 8880), depth: 16, stencil: 0, acc: 0000, samples: 0/0
display  D   display_settings.c:398  _al_score_display_settings       [   0.05428] Single Buffer requirement not met.
display  D   display_settings.c:212  debug_display_settings           [   0.05431] color: 32 (rgba 8880), depth: 16, stencil: 0, acc: 0000, samples: 0/0
display  D   display_settings.c:398  _al_score_display_settings       [   0.05432] Single Buffer requirement not met.
display  D   display_settings.c:212  debug_display_settings           [   0.05433] color: 16 (rgba 5650), depth: 0, stencil: 0, acc: 0000, samples: 0/0
display  D   display_settings.c:398  _al_score_display_settings       [   0.05435] Single Buffer requirement not met.
display  D   display_settings.c:212  debug_display_settings           [   0.05436] color: 16 (rgba 5650), depth: 0, stencil: 0, acc: 0000, samples: 0/0
display  D   display_settings.c:398  _al_score_display_settings       [   0.05437] Single Buffer requirement not met.
display  D   display_settings.c:212  debug_display_settings           [   0.05438] color: 16 (rgba 5650), depth: 24, stencil: 8, acc: 0000, samples: 0/0
display  D   display_settings.c:398  _al_score_display_settings       [   0.05439] Single Buffer requirement not met.
display  D   display_settings.c:212  debug_display_settings           [   0.05440] color: 16 (rgba 5650), depth: 24, stencil: 8, acc: 0000, samples: 0/0
display  D   display_settings.c:398  _al_score_display_settings       [   0.05442] Single Buffer requirement not met.
display  D   display_settings.c:212  debug_display_settings           [   0.05443] color: 16 (rgba 5650), depth: 24, stencil: 0, acc: 0000, samples: 0/0
display  D   display_settings.c:398  _al_score_display_settings       [   0.05444] Single Buffer requirement not met.
display  D   display_settings.c:212  debug_display_settings           [   0.05445] color: 16 (rgba 5650), depth: 24, stencil: 0, acc: 0000, samples: 0/0
display  D   display_settings.c:398  _al_score_display_settings       [   0.05446] Single Buffer requirement not met.
display  D   display_settings.c:212  debug_display_settings           [   0.05447] color: 16 (rgba 5650), depth: 16, stencil: 0, acc: 0000, samples: 0/0
display  D   display_settings.c:398  _al_score_display_settings       [   0.05449] Single Buffer requirement not met.
display  D   display_settings.c:212  debug_display_settings           [   0.05450] color: 16 (rgba 5650), depth: 16, stencil: 0, acc: 0000, samples: 0/0
display  D   display_settings.c:398  _al_score_display_settings       [   0.05451] Single Buffer requirement not met.
d3d      D         d3d_disp.cpp:1682 d3d_create_display_internals     [   0.05453] Trying format 0.
d3d      I         d3d_disp.cpp:1358 d3d_display_thread_proc          [   0.05473] Chose a display format: 23
d3d      I         d3d_disp.cpp:1427 d3d_display_thread_proc          [   0.05477] Normal window.
d3d      I         d3d_disp.cpp:791  d3d_create_device                [   0.10497] Using no depth stencil buffer
d3d      D         d3d_disp.cpp:853  d3d_create_device                [   0.16081] BeginScene succeeded in create_device
d3d      D         d3d_disp.cpp:861  d3d_create_device                [   0.16090] Success
d3d      D         d3d_disp.cpp:1705 d3d_create_display_internals     [   0.16095] Resumed after wait.
d3d      I         d3d_disp.cpp:1738 d3d_create_display_internals     [   0.16102] Format 0 succeeded.
d3d      D         d3d_disp.cpp:1769 d3d_create_display_internals     [   0.16105] Returning d3d_display: 0000000000f3ae60
d3d      D         d3d_disp.cpp:1794 d3d_create_display_locked        [   0.16107] al_display=0000000000f3ae60
d3d      D         d3d_disp.cpp:1795 d3d_create_display_locked        [   0.16109] al_display->vt=0000000000f3acf0
system   W            wsystem.c:879  _al_win_safe_load_library        [   0.16214] PathFindOnPath failed to find d3dx9_43.dll
system   W            wsystem.c:879  _al_win_safe_load_library        [   0.16280] PathFindOnPath failed to find d3dx9_42.dll
system   W            wsystem.c:879  _al_win_safe_load_library        [   0.16341] PathFindOnPath failed to find d3dx9_41.dll
system   W            wsystem.c:879  _al_win_safe_load_library        [   0.16413] PathFindOnPath failed to find d3dx9_40.dll
system   W            wsystem.c:879  _al_win_safe_load_library        [   0.16481] PathFindOnPath failed to find d3dx9_39.dll
system   W            wsystem.c:879  _al_win_safe_load_library        [   0.16560] PathFindOnPath failed to find d3dx9_38.dll
system   W            wsystem.c:879  _al_win_safe_load_library        [   0.16675] PathFindOnPath failed to find d3dx9_37.dll
system   W            wsystem.c:879  _al_win_safe_load_library        [   0.16735] PathFindOnPath failed to find d3dx9_36.dll
system   W            wsystem.c:879  _al_win_safe_load_library        [   0.16794] PathFindOnPath failed to find d3dx9_35.dll
system   W            wsystem.c:879  _al_win_safe_load_library        [   0.16853] PathFindOnPath failed to find d3dx9_34.dll
system   W            wsystem.c:879  _al_win_safe_load_library        [   0.16910] PathFindOnPath failed to find d3dx9_33.dll
system   W            wsystem.c:879  _al_win_safe_load_library        [   0.16968] PathFindOnPath failed to find d3dx9_32.dll
system   W            wsystem.c:879  _al_win_safe_load_library        [   0.17048] PathFindOnPath failed to find d3dx9_31.dll
system   W            wsystem.c:879  _al_win_safe_load_library        [   0.17160] PathFindOnPath failed to find d3dx9_30.dll
system   W            wsystem.c:879  _al_win_safe_load_library        [   0.17231] PathFindOnPath failed to find d3dx9_29.dll
system   W            wsystem.c:879  _al_win_safe_load_library        [   0.17350] PathFindOnPath failed to find d3dx9_28.dll
system   W            wsystem.c:879  _al_win_safe_load_library        [   0.17436] PathFindOnPath failed to find d3dx9_27.dll
system   W            wsystem.c:879  _al_win_safe_load_library        [   0.17531] PathFindOnPath failed to find d3dx9_26.dll
system   W            wsystem.c:879  _al_win_safe_load_library        [   0.17632] PathFindOnPath failed to find d3dx9_25.dll
system   W            wsystem.c:879  _al_win_safe_load_library        [   0.17695] PathFindOnPath failed to find d3dx9_24.dll
d3dx9    E        d3d_d3dx9.cpp:121  _al_load_d3dx9_module            [   0.17699] Failed to load D3DX9 library. Library is not installed.
stdio    D         file_stdio.c:110  file_stdio_fopen                 [   0.17706] opening assets/font/pirulen.ttf rb
font     D                ttf.c:943  al_load_ttf_font_stretch_f       [   0.17750] Font assets/font/pirulen.ttf loaded with pixel size 0 x 12.
font     D                ttf.c:945  al_load_ttf_font_stretch_f       [   0.17754]     ascent=12.0, descent=-3.0, height=14.0
dtor     D               dtor.c:196  _al_register_destructor          [   0.17757] added dtor for ttf_font 0000000000dfa8c0, func 00007ff99fff4c05
stdio    D         file_stdio.c:110  file_stdio_fopen                 [   0.17759] opening assets/sound/menu.mp3 rb
dtor     D               dtor.c:196  _al_register_destructor          [   0.99931] added dtor for sample 0000000000dfada0, func 00007ff9a0001a1d
audio-dsound D           dsound.cpp:311  _dsound_allocate_voice           [   0.99965] Allocating voice
audio-dsound D           dsound.cpp:370  _dsound_allocate_voice           [   0.99968] Allocated voice
dtor     D               dtor.c:196  _al_register_destructor          [   0.99970] added dtor for voice 0000000000e02ba0, func 00007ff9a0005024
dtor     D               dtor.c:196  _al_register_destructor          [   0.99993] added dtor for mixer 0000000000e02ce0, func 00007ff9a00004dc
audio-dsound D           dsound.cpp:466  _dsound_start_voice              [   0.99999] Starting voice
audio-dsound D           dsound.cpp:494  _dsound_start_voice              [   1.00001] CreateSoundBuffer
audio-dsound D           dsound.cpp:502  _dsound_start_voice              [   1.00797] CreateSoundBuffer succeeded
audio-dsound D           dsound.cpp:508  _dsound_start_voice              [   1.00809] Starting _dsound_update thread
audio-dsound I           dsound.cpp:518  _dsound_start_voice              [   1.00826] Voice started
dtor     D               dtor.c:196  _al_register_destructor          [   1.00842] added dtor for sample_instance 0000000000e03210, func 00007ff99fff929b
audio    D          kcm_mixer.c:121  _al_rechannel_matrix             [   1.00846] sample matrix:
audio    D          kcm_mixer.c:127  _al_rechannel_matrix             [   1.00847] 
audio    D          kcm_mixer.c:127  _al_rechannel_matrix             [   1.00849] 
dtor     D               dtor.c:196  _al_register_destructor          [   1.00850] added dtor for sample_instance 0000000000e03330, func 00007ff99fff929b
audio    D          kcm_mixer.c:121  _al_rechannel_matrix             [   1.00852] sample matrix:
audio    D          kcm_mixer.c:127  _al_rechannel_matrix             [   1.00854] 
audio    D          kcm_mixer.c:127  _al_rechannel_matrix             [   1.00855] 
dtor     D               dtor.c:196  _al_register_destructor          [   1.00856] added dtor for sample_instance 0000000000e034a0, func 00007ff99fff929b
audio    D          kcm_mixer.c:121  _al_rechannel_matrix             [   1.00858] sample matrix:
audio    D          kcm_mixer.c:127  _al_rechannel_matrix             [   1.00859] 
audio    D          kcm_mixer.c:127  _al_rechannel_matrix             [   1.00861] 
dtor     D               dtor.c:196  _al_register_destructor          [   1.00862] added dtor for sample_instance 0000000000e035c0, func 00007ff99fff929b
audio    D          kcm_mixer.c:121  _al_rechannel_matrix             [   1.00864] sample matrix:
audio    D          kcm_mixer.c:127  _al_rechannel_matrix             [   1.00865] 
audio    D          kcm_mixer.c:127  _al_rechannel_matrix             [   1.00867] 
dtor     D               dtor.c:196  _al_register_destructor          [   1.00868] added dtor for sample_instance 0000000000e03770, func 00007ff99fff929b
audio    D          kcm_mixer.c:121  _al_rechannel_matrix             [   1.00870] sample matrix:
audio    D          kcm_mixer.c:127  _al_rechannel_matrix             [   1.00871] 
audio    D          kcm_mixer.c:127  _al_rechannel_matrix             [   1.00873] 
dtor     D               dtor.c:196  _al_register_destructor          [   1.00874] added dtor for sample_instance 0000000000e03890, func 00007ff99fff929b
audio    D          kcm_mixer.c:121  _al_rechannel_matrix             [   1.00876] sample matrix:
audio    D          kcm_mixer.c:127  _al_rechannel_matrix             [   1.00878] 
audio    D          kcm_mixer.c:127  _al_rechannel_matrix             [   1.00879] 
dtor     D               dtor.c:196  _al_register_destructor          [   1.00881] added dtor for sample_instance 0000000000e039b0, func 00007ff99fff929b
audio    D          kcm_mixer.c:121  _al_rechannel_matrix             [   1.00883] sample matrix:
audio    D          kcm_mixer.c:127  _al_rechannel_matrix             [   1.00885] 
audio    D          kcm_mixer.c:127  _al_rechannel_matrix             [   1.00887] 
dtor     D               dtor.c:196  _al_register_destructor          [   1.00888] added dtor for sample_instance 0000000000e03ad0, func 00007ff99fff929b
audio    D          kcm_mixer.c:121  _al_rechannel_matrix             [   1.00890] sample matrix:
audio    D          kcm_mixer.c:127  _al_rechannel_matrix             [   1.00892] 
audio    D          kcm_mixer.c:127  _al_rechannel_matrix             [   1.00893] 
dtor     D               dtor.c:196  _al_register_destructor          [   1.00895] added dtor for sample_instance 0000000000e04020, func 00007ff99fff929b
audio    D          kcm_mixer.c:121  _al_rechannel_matrix             [   1.00896] sample matrix:
audio    D          kcm_mixer.c:127  _al_rechannel_matrix             [   1.00898] 
audio    D          kcm_mixer.c:127  _al_rechannel_matrix             [   1.00899] 
dtor     D               dtor.c:196  _al_register_destructor          [   1.00901] added dtor for sample_instance 0000000000e04140, func 00007ff99fff929b
audio    D          kcm_mixer.c:121  _al_rechannel_matrix             [   1.00904] sample matrix:
audio    D          kcm_mixer.c:127  _al_rechannel_matrix             [   1.00906] 
audio    D          kcm_mixer.c:127  _al_rechannel_matrix             [   1.00908] 
dtor     D               dtor.c:196  _al_register_destructor          [   1.00910] added dtor for sample_instance 0000000000e04260, func 00007ff99fff929b
audio    D          kcm_mixer.c:121  _al_rechannel_matrix             [   1.00912] sample matrix:
audio    D          kcm_mixer.c:127  _al_rechannel_matrix             [   1.00913] 
audio    D          kcm_mixer.c:127  _al_rechannel_matrix             [   1.00915] 
dtor     D               dtor.c:196  _al_register_destructor          [   1.00916] added dtor for sample_instance 0000000000e04380, func 00007ff99fff929b
audio    D          kcm_mixer.c:121  _al_rechannel_matrix             [   1.00918] sample matrix:
audio    D          kcm_mixer.c:127  _al_rechannel_matrix             [   1.00920] 
audio    D          kcm_mixer.c:127  _al_rechannel_matrix             [   1.00921] 
dtor     D               dtor.c:196  _al_register_destructor          [   1.00924] added dtor for sample_instance 0000000000e04f10, func 00007ff99fff929b
audio    D          kcm_mixer.c:121  _al_rechannel_matrix             [   1.00926] sample matrix:
audio    D          kcm_mixer.c:127  _al_rechannel_matrix             [   1.00928] 
audio    D          kcm_mixer.c:127  _al_rechannel_matrix             [   1.00930] 
dtor     D               dtor.c:196  _al_register_destructor          [   1.00931] added dtor for sample_instance 0000000000e05270, func 00007ff99fff929b
audio    D          kcm_mixer.c:121  _al_rechannel_matrix             [   1.00933] sample matrix:
audio    D          kcm_mixer.c:127  _al_rechannel_matrix             [   1.00935] 
audio    D          kcm_mixer.c:127  _al_rechannel_matrix             [   1.00936] 
dtor     D               dtor.c:196  _al_register_destructor          [   1.00938] added dtor for sample_instance 0000000000e04850, func 00007ff99fff929b
audio    D          kcm_mixer.c:121  _al_rechannel_matrix             [   1.00940] sample matrix:
audio    D          kcm_mixer.c:127  _al_rechannel_matrix             [   1.00942] 
audio    D          kcm_mixer.c:127  _al_rechannel_matrix             [   1.00943] 
dtor     D               dtor.c:196  _al_register_destructor          [   1.00945] added dtor for sample_instance 0000000000e05030, func 00007ff99fff929b
audio    D          kcm_mixer.c:121  _al_rechannel_matrix             [   1.00946] sample matrix:
audio    D          kcm_mixer.c:127  _al_rechannel_matrix             [   1.00948] 
audio    D          kcm_mixer.c:127  _al_rechannel_matrix             [   1.00950] 
dtor     D               dtor.c:196  _al_register_destructor          [   1.00951] added dtor for sample_instance 0000000000e04df0, func 00007ff99fff929b
audio    D          kcm_mixer.c:121  _al_rechannel_matrix             [   1.00953] sample matrix:
audio    D          kcm_mixer.c:127  _al_rechannel_matrix             [   1.00955] 
audio    D          kcm_mixer.c:127  _al_rechannel_matrix             [   1.00957] 
dtor     D               dtor.c:196  _al_register_destructor          [   1.00958] added dtor for sample_instance 0000000000e05150, func 00007ff99fff929b
audio    D          kcm_mixer.c:121  _al_rechannel_matrix             [   1.00960] sample matrix:
audio    D          kcm_mixer.c:127  _al_rechannel_matrix             [   1.00962] 
audio    D          kcm_mixer.c:127  _al_rechannel_matrix             [   1.00964] 
dtor     D               dtor.c:196  _al_register_destructor          [   1.00965] added dtor for sample_instance 0000000000e044f0, func 00007ff99fff929b
audio    D          kcm_mixer.c:121  _al_rechannel_matrix             [   1.00967] sample matrix:
audio    D          kcm_mixer.c:127  _al_rechannel_matrix             [   1.00969] 
audio    D          kcm_mixer.c:127  _al_rechannel_matrix             [   1.00971] 
dtor     D               dtor.c:196  _al_register_destructor          [   1.00973] added dtor for sample_instance 0000000000e04970, func 00007ff99fff929b
audio    D          kcm_mixer.c:121  _al_rechannel_matrix             [   1.00975] sample matrix:
audio    D          kcm_mixer.c:127  _al_rechannel_matrix             [   1.00977] 
audio    D          kcm_mixer.c:127  _al_rechannel_matrix             [   1.00980] 
dtor     D               dtor.c:196  _al_register_destructor          [   1.00982] added dtor for sample_instance 0000000000e04610, func 00007ff99fff929b
stdio    D         file_stdio.c:110  file_stdio_fopen                 [   1.01026] opening assets/image/menu.png rb
stdio    D         file_stdio.c:110  file_stdio_fopen                 [   1.01098] opening assets/image/menu.png rb
d3d      D         d3d_disp.cpp:1202 real_choose_bitmap_format        [   1.01306] Fake format
d3d      D         d3d_disp.cpp:1202 real_choose_bitmap_format        [   1.01314] Fake format
d3d      D         d3d_disp.cpp:1202 real_choose_bitmap_format        [   1.01316] Fake format
d3d      D         d3d_disp.cpp:1202 real_choose_bitmap_format        [   1.01318] Fake format
d3d      D         d3d_disp.cpp:1202 real_choose_bitmap_format        [   1.01319] Fake format
d3d      D         d3d_disp.cpp:1202 real_choose_bitmap_format        [   1.01320] Fake format
d3d      D         d3d_disp.cpp:1202 real_choose_bitmap_format        [   1.01322] Fake format
d3d      D         d3d_disp.cpp:1202 real_choose_bitmap_format        [   1.01324] Fake format
d3d      D         d3d_disp.cpp:1202 real_choose_bitmap_format        [   1.01325] Fake format
d3d      D         d3d_disp.cpp:1210 real_choose_bitmap_format        [   1.01327] Alpha doesn't match
d3d      D         d3d_disp.cpp:1217 real_choose_bitmap_format        [   1.01328] Adapter format is 23
d3d      D         d3d_disp.cpp:1220 real_choose_bitmap_format        [   1.01330] Found a format
d3d      I         d3d_disp.cpp:2391 d3d_create_bitmap                [   1.01331] Chose bitmap format 9
dtor     D               dtor.c:196  _al_register_destructor          [   1.01361] added dtor for bitmap 0000000000e0a620, func 00007ff99fed1bea
stdio    D         file_stdio.c:110  file_stdio_fopen                 [   1.09732] opening assets/image/vs.png rb
stdio    D         file_stdio.c:110  file_stdio_fopen                 [   1.09972] opening assets/image/vs.png rb
d3d      D         d3d_disp.cpp:1202 real_choose_bitmap_format        [   1.09988] Fake format
d3d      D         d3d_disp.cpp:1202 real_choose_bitmap_format        [   1.09991] Fake format
d3d      D         d3d_disp.cpp:1202 real_choose_bitmap_format        [   1.09992] Fake format
d3d      D         d3d_disp.cpp:1202 real_choose_bitmap_format        [   1.09994] Fake format
d3d      D         d3d_disp.cpp:1202 real_choose_bitmap_format        [   1.09996] Fake format
d3d      D         d3d_disp.cpp:1202 real_choose_bitmap_format        [   1.09997] Fake format
d3d      D         d3d_disp.cpp:1202 real_choose_bitmap_format        [   1.09999] Fake format
d3d      D         d3d_disp.cpp:1202 real_choose_bitmap_format        [   1.10001] Fake format
d3d      D         d3d_disp.cpp:1202 real_choose_bitmap_format        [   1.10002] Fake format
d3d      D         d3d_disp.cpp:1210 real_choose_bitmap_format        [   1.10004] Alpha doesn't match
d3d      D         d3d_disp.cpp:1217 real_choose_bitmap_format        [   1.10006] Adapter format is 23
d3d      D         d3d_disp.cpp:1220 real_choose_bitmap_format        [   1.10007] Found a format
d3d      I         d3d_disp.cpp:2391 d3d_create_bitmap                [   1.10009] Chose bitmap format 9
dtor     D               dtor.c:196  _al_register_destructor          [   1.10062] added dtor for bitmap 0000000000e25210, func 00007ff99fed1bea
audio-dsound D           dsound.cpp:528  _dsound_stop_voice               [   1.10733] Stopping voice
audio-dsound D           dsound.cpp:545  _dsound_stop_voice               [   1.10743] Joining thread
audio-dsound D           dsound.cpp:551  _dsound_stop_voice               [   1.81011] Joined thread
audio-dsound D           dsound.cpp:553  _dsound_stop_voice               [   1.81018] Destroying thread
audio-dsound D           dsound.cpp:555  _dsound_stop_voice               [   1.81020] Thread destroyed
audio-dsound D           dsound.cpp:562  _dsound_stop_voice               [   1.81021] Releasing buffer
audio-dsound I           dsound.cpp:566  _dsound_stop_voice               [   1.81023] Voice stopped
audio-dsound D           dsound.cpp:466  _dsound_start_voice              [   1.81024] Starting voice
audio-dsound D           dsound.cpp:494  _dsound_start_voice              [   1.81025] CreateSoundBuffer
audio-dsound D           dsound.cpp:502  _dsound_start_voice              [   1.81034] CreateSoundBuffer succeeded
audio-dsound D           dsound.cpp:508  _dsound_start_voice              [   1.81035] Starting _dsound_update thread
audio-dsound I           dsound.cpp:518  _dsound_start_voice              [   1.81041] Voice started
audio    D          kcm_mixer.c:121  _al_rechannel_matrix             [   1.81043] sample matrix:
audio    D          kcm_mixer.c:127  _al_rechannel_matrix             [   1.81044]  0.707107 0.000000
audio    D          kcm_mixer.c:127  _al_rechannel_matrix             [   1.81046]  0.000000 0.707107
audio    D          kcm_mixer.c:121  _al_rechannel_matrix             [   1.81047] sample matrix:
audio    D          kcm_mixer.c:127  _al_rechannel_matrix             [   1.81048]  0.070711 0.000000
audio    D          kcm_mixer.c:127  _al_rechannel_matrix             [   1.81050]  0.000000 0.070711
stdio    D         file_stdio.c:110  file_stdio_fopen                 [   1.81052] opening assets/image/button_menu.png rb
stdio    D         file_stdio.c:110  file_stdio_fopen                 [   1.81125] opening assets/image/button_menu.png rb
d3d      D         d3d_disp.cpp:1202 real_choose_bitmap_format        [   1.81137] Fake format
d3d      D         d3d_disp.cpp:1202 real_choose_bitmap_format        [   1.81139] Fake format
d3d      D         d3d_disp.cpp:1202 real_choose_bitmap_format        [   1.81140] Fake format
d3d      D         d3d_disp.cpp:1202 real_choose_bitmap_format        [   1.81141] Fake format
d3d      D         d3d_disp.cpp:1202 real_choose_bitmap_format        [   1.81143] Fake format
d3d      D         d3d_disp.cpp:1202 real_choose_bitmap_format        [   1.81144] Fake format
d3d      D         d3d_disp.cpp:1202 real_choose_bitmap_format        [   1.81145] Fake format
d3d      D         d3d_disp.cpp:1202 real_choose_bitmap_format        [   1.81146] Fake format
d3d      D         d3d_disp.cpp:1202 real_choose_bitmap_format        [   1.81147] Fake format
d3d      D         d3d_disp.cpp:1210 real_choose_bitmap_format        [   1.81148] Alpha doesn't match
d3d      D         d3d_disp.cpp:1217 real_choose_bitmap_format        [   1.81149] Adapter format is 23
d3d      D         d3d_disp.cpp:1220 real_choose_bitmap_format        [   1.81150] Found a format
d3d      I         d3d_disp.cpp:2391 d3d_create_bitmap                [   1.81151] Chose bitmap format 9
dtor     D               dtor.c:196  _al_register_destructor          [   1.81172] added dtor for bitmap 0000000000e0a3b0, func 00007ff99fed1bea
stdio    D         file_stdio.c:110  file_stdio_fopen                 [   1.81308] opening assets/font/pirulen.ttf rb
font     D                ttf.c:943  al_load_ttf_font_stretch_f       [   1.81329] Font assets/font/pirulen.ttf loaded with pixel size 0 x 36.
font     D                ttf.c:945  al_load_ttf_font_stretch_f       [   1.81330]     ascent=35.0, descent=-9.0, height=43.0
dtor     D               dtor.c:196  _al_register_destructor          [   1.81332] added dtor for ttf_font 0000000000e18570, func 00007ff99fff4c05
stdio    D         file_stdio.c:110  file_stdio_fopen                 [   1.81334] opening assets/image/button_menu.png rb
stdio    D         file_stdio.c:110  file_stdio_fopen                 [   1.81342] opening assets/image/button_menu.png rb
d3d      D         d3d_disp.cpp:1202 real_choose_bitmap_format        [   1.81348] Fake format
d3d      D         d3d_disp.cpp:1202 real_choose_bitmap_format        [   1.81350] Fake format
d3d      D         d3d_disp.cpp:1202 real_choose_bitmap_format        [   1.81351] Fake format
d3d      D         d3d_disp.cpp:1202 real_choose_bitmap_format        [   1.81352] Fake format
d3d      D         d3d_disp.cpp:1202 real_choose_bitmap_format        [   1.81353] Fake format
d3d      D         d3d_disp.cpp:1202 real_choose_bitmap_format        [   1.81354] Fake format
d3d      D         d3d_disp.cpp:1202 real_choose_bitmap_format        [   1.81355] Fake format
d3d      D         d3d_disp.cpp:1202 real_choose_bitmap_format        [   1.81356] Fake format
d3d      D         d3d_disp.cpp:1202 real_choose_bitmap_format        [   1.81361] Fake format
d3d      D         d3d_disp.cpp:1210 real_choose_bitmap_format        [   1.81363] Alpha doesn't match
d3d      D         d3d_disp.cpp:1217 real_choose_bitmap_format        [   1.81365] Adapter format is 23
d3d      D         d3d_disp.cpp:1220 real_choose_bitmap_format        [   1.81366] Found a format
d3d      I         d3d_disp.cpp:2391 d3d_create_bitmap                [   1.81368] Chose bitmap format 9
dtor     D               dtor.c:196  _al_register_destructor          [   1.81392] added dtor for bitmap 0000000000e83c40, func 00007ff99fed1bea
stdio    D         file_stdio.c:110  file_stdio_fopen                 [   1.81534] opening assets/font/pirulen.ttf rb
font     D                ttf.c:943  al_load_ttf_font_stretch_f       [   1.81559] Font assets/font/pirulen.ttf loaded with pixel size 0 x 36.
font     D                ttf.c:945  al_load_ttf_font_stretch_f       [   1.81561]     ascent=35.0, descent=-9.0, height=43.0
dtor     D               dtor.c:196  _al_register_destructor          [   1.81563] added dtor for ttf_font 0000000000e18780, func 00007ff99fff4c05
dtor     D               dtor.c:196  _al_register_destructor          [   1.81564] added dtor for queue 0000000000e83b40, func 00007ff99fefc5dc
dtor     D               dtor.c:196  _al_register_destructor          [   1.82083] added dtor for timer 0000000000e9ad70, func 00007ff99ff0fb3b
stdio    D         file_stdio.c:110  file_stdio_fopen                 [   1.82100] opening assets/image/icon.jpg rb
stdio    D         file_stdio.c:110  file_stdio_fopen                 [   1.82187] opening assets/image/icon.jpg rb
d3d      D         d3d_disp.cpp:1202 real_choose_bitmap_format        [   1.82496] Fake format
d3d      D         d3d_disp.cpp:1202 real_choose_bitmap_format        [   1.82505] Fake format
d3d      D         d3d_disp.cpp:1202 real_choose_bitmap_format        [   1.82506] Fake format
d3d      D         d3d_disp.cpp:1202 real_choose_bitmap_format        [   1.82507] Fake format
d3d      D         d3d_disp.cpp:1202 real_choose_bitmap_format        [   1.82508] Fake format
d3d      D         d3d_disp.cpp:1202 real_choose_bitmap_format        [   1.82509] Fake format
d3d      D         d3d_disp.cpp:1202 real_choose_bitmap_format        [   1.82510] Fake format
d3d      D         d3d_disp.cpp:1202 real_choose_bitmap_format        [   1.82511] Fake format
d3d      D         d3d_disp.cpp:1202 real_choose_bitmap_format        [   1.82512] Fake format
d3d      D         d3d_disp.cpp:1210 real_choose_bitmap_format        [   1.82514] Alpha doesn't match
d3d      D         d3d_disp.cpp:1217 real_choose_bitmap_format        [   1.82515] Adapter format is 23
d3d      D         d3d_disp.cpp:1220 real_choose_bitmap_format        [   1.82518] Found a format
d3d      I         d3d_disp.cpp:2391 d3d_create_bitmap                [   1.82520] Chose bitmap format 9
dtor     D               dtor.c:196  _al_register_destructor          [   1.82581] added dtor for bitmap 0000000000ea6020, func 00007ff99fed1bea
d3d      D         d3d_disp.cpp:1202 real_choose_bitmap_format        [   1.82911] Fake format
d3d      D         d3d_disp.cpp:1202 real_choose_bitmap_format        [   1.82918] Fake format
d3d      D         d3d_disp.cpp:1202 real_choose_bitmap_format        [   1.82920] Fake format
d3d      D         d3d_disp.cpp:1202 real_choose_bitmap_format        [   1.82922] Fake format
d3d      D         d3d_disp.cpp:1202 real_choose_bitmap_format        [   1.82924] Fake format
d3d      D         d3d_disp.cpp:1202 real_choose_bitmap_format        [   1.82925] Fake format
d3d      D         d3d_disp.cpp:1202 real_choose_bitmap_format        [   1.82927] Fake format
d3d      D         d3d_disp.cpp:1202 real_choose_bitmap_format        [   1.82929] Fake format
d3d      D         d3d_disp.cpp:1202 real_choose_bitmap_format        [   1.82930] Fake format
d3d      D         d3d_disp.cpp:1210 real_choose_bitmap_format        [   1.82932] Alpha doesn't match
d3d      D         d3d_disp.cpp:1217 real_choose_bitmap_format        [   1.82934] Adapter format is 23
d3d      D         d3d_disp.cpp:1220 real_choose_bitmap_format        [   1.82936] Found a format
d3d      I         d3d_disp.cpp:2391 d3d_create_bitmap                [   1.82937] Chose bitmap format 9
dtor     D               dtor.c:196  _al_register_destructor          [   1.82965] added dtor for bitmap 0000000000e9aec0, func 00007ff99fed1bea
d3d      D          d3d_bmp.cpp:539  _al_d3d_sync_bitmap              [   1.84420] _al_d3d_sync_bitmap (system) ref count == 1
d3d      D          d3d_bmp.cpp:545  _al_d3d_sync_bitmap              [   1.84437] _al_d3d_sync_bitmap (video) ref count == 1
dtor     D               dtor.c:227  _al_unregister_destructor        [   1.84946] removed dtor for bitmap 0000000000e9aec0
d3d      D         d3d_disp.cpp:1202 real_choose_bitmap_format        [   1.85043] Fake format
d3d      D         d3d_disp.cpp:1202 real_choose_bitmap_format        [   1.85047] Fake format
d3d      D         d3d_disp.cpp:1202 real_choose_bitmap_format        [   1.85049] Fake format
d3d      D         d3d_disp.cpp:1202 real_choose_bitmap_format        [   1.85050] Fake format
d3d      D         d3d_disp.cpp:1202 real_choose_bitmap_format        [   1.85051] Fake format
d3d      D         d3d_disp.cpp:1202 real_choose_bitmap_format        [   1.85052] Fake format
d3d      D         d3d_disp.cpp:1202 real_choose_bitmap_format        [   1.85053] Fake format
d3d      D         d3d_disp.cpp:1202 real_choose_bitmap_format        [   1.85054] Fake format
d3d      D         d3d_disp.cpp:1202 real_choose_bitmap_format        [   1.85055] Fake format
d3d      D         d3d_disp.cpp:1210 real_choose_bitmap_format        [   1.85056] Alpha doesn't match
d3d      D         d3d_disp.cpp:1217 real_choose_bitmap_format        [   1.85057] Adapter format is 23
d3d      D         d3d_disp.cpp:1220 real_choose_bitmap_format        [   1.85059] Found a format
d3d      I         d3d_disp.cpp:2391 d3d_create_bitmap                [   1.85060] Chose bitmap format 9
dtor     D               dtor.c:196  _al_register_destructor          [   1.85075] added dtor for bitmap 0000000000e9aec0, func 00007ff99fed1bea
d3d      D          d3d_bmp.cpp:539  _al_d3d_sync_bitmap              [   1.85501] _al_d3d_sync_bitmap (system) ref count == 1
d3d      D          d3d_bmp.cpp:545  _al_d3d_sync_bitmap              [   1.85503] _al_d3d_sync_bitmap (video) ref count == 1
dtor     D               dtor.c:227  _al_unregister_destructor        [   1.85820] removed dtor for bitmap 0000000000e9aec0
d3d      D         d3d_disp.cpp:1202 real_choose_bitmap_format        [   1.86131] Fake format
d3d      D         d3d_disp.cpp:1202 real_choose_bitmap_format        [   1.86138] Fake format
d3d      D         d3d_disp.cpp:1202 real_choose_bitmap_format        [   1.86140] Fake format
d3d      D         d3d_disp.cpp:1202 real_choose_bitmap_format        [   1.86142] Fake format
d3d      D         d3d_disp.cpp:1202 real_choose_bitmap_format        [   1.86144] Fake format
d3d      D         d3d_disp.cpp:1202 real_choose_bitmap_format        [   1.86145] Fake format
d3d      D         d3d_disp.cpp:1202 real_choose_bitmap_format        [   1.86147] Fake format
d3d      D         d3d_disp.cpp:1202 real_choose_bitmap_format        [   1.86149] Fake format
d3d      D         d3d_disp.cpp:1202 real_choose_bitmap_format        [   1.86151] Fake format
d3d      D         d3d_disp.cpp:1210 real_choose_bitmap_format        [   1.86154] Alpha doesn't match
d3d      D         d3d_disp.cpp:1217 real_choose_bitmap_format        [   1.86155] Adapter format is 23
d3d      D         d3d_disp.cpp:1220 real_choose_bitmap_format        [   1.86158] Found a format
d3d      I         d3d_disp.cpp:2391 d3d_create_bitmap                [   1.86159] Chose bitmap format 9
font     D                ttf.c:243  alloc_glyph_region               [   1.86186] Glyph 51: 35x33 (36x36)
font     D                ttf.c:287  alloc_glyph_region               [   1.86191] Locking glyph region: 0000000000e9f370 0 0 36 36
font     D                ttf.c:167  unlock_current_page              [   1.86545] Unlocking page: 0000000000e9f370
font     D                ttf.c:243  alloc_glyph_region               [   1.86568] Glyph 55: 34x27 (36x28)
font     D                ttf.c:287  alloc_glyph_region               [   1.86571] Locking glyph region: 0000000000e9f370 36 0 36 28
font     D                ttf.c:167  unlock_current_page              [   1.86585] Unlocking page: 0000000000e9f370
font     D                ttf.c:243  alloc_glyph_region               [   1.86591] Glyph 43: 8x27 (8x28)
font     D                ttf.c:287  alloc_glyph_region               [   1.86593] Locking glyph region: 0000000000e9f370 72 0 8 28
font     D                ttf.c:167  unlock_current_page              [   1.86595] Unlocking page: 0000000000e9f370
font     D                ttf.c:243  alloc_glyph_region               [   1.86602] Glyph 54: 34x27 (36x28)
font     D                ttf.c:287  alloc_glyph_region               [   1.86604] Locking glyph region: 0000000000e9f370 80 0 36 28
font     D                ttf.c:167  unlock_current_page              [   1.86608] Unlocking page: 0000000000e9f370
d3d      D         d3d_disp.cpp:1202 real_choose_bitmap_format        [   1.86635] Fake format
d3d      D         d3d_disp.cpp:1202 real_choose_bitmap_format        [   1.86638] Fake format
d3d      D         d3d_disp.cpp:1202 real_choose_bitmap_format        [   1.86639] Fake format
d3d      D         d3d_disp.cpp:1202 real_choose_bitmap_format        [   1.86641] Fake format
d3d      D         d3d_disp.cpp:1202 real_choose_bitmap_format        [   1.86643] Fake format
d3d      D         d3d_disp.cpp:1202 real_choose_bitmap_format        [   1.86644] Fake format
d3d      D         d3d_disp.cpp:1202 real_choose_bitmap_format        [   1.86646] Fake format
d3d      D         d3d_disp.cpp:1202 real_choose_bitmap_format        [   1.86648] Fake format
d3d      D         d3d_disp.cpp:1202 real_choose_bitmap_format        [   1.86649] Fake format
d3d      D         d3d_disp.cpp:1210 real_choose_bitmap_format        [   1.86651] Alpha doesn't match
d3d      D         d3d_disp.cpp:1217 real_choose_bitmap_format        [   1.86653] Adapter format is 23
d3d      D         d3d_disp.cpp:1220 real_choose_bitmap_format        [   1.86654] Found a format
d3d      I         d3d_disp.cpp:2391 d3d_create_bitmap                [   1.86656] Chose bitmap format 9
font     D                ttf.c:243  alloc_glyph_region               [   1.86694] Glyph 53: 34x27 (36x28)
font     D                ttf.c:287  alloc_glyph_region               [   1.86697] Locking glyph region: 0000000000ea2b70 0 0 36 28
font     D                ttf.c:167  unlock_current_page              [   1.87018] Unlocking page: 0000000000ea2b70
font     D                ttf.c:243  alloc_glyph_region               [   1.87037] Glyph 54: 34x27 (36x28)
font     D                ttf.c:287  alloc_glyph_region               [   1.87040] Locking glyph region: 0000000000ea2b70 36 0 36 28
font     D                ttf.c:167  unlock_current_page              [   1.87044] Unlocking page: 0000000000ea2b70
font     D                ttf.c:243  alloc_glyph_region               [   1.87052] Glyph 35: 40x27 (40x28)
font     D                ttf.c:287  alloc_glyph_region               [   1.87055] Locking glyph region: 0000000000ea2b70 72 0 40 28
font     D                ttf.c:167  unlock_current_page              [   1.87059] Unlocking page: 0000000000ea2b70
font     D                ttf.c:243  alloc_glyph_region               [   1.87071] Glyph 52: 32x27 (32x28)
font     D                ttf.c:287  alloc_glyph_region               [   1.87073] Locking glyph region: 0000000000ea2b70 112 0 32 28
font     D                ttf.c:167  unlock_current_page              [   1.87077] Unlocking page: 0000000000ea2b70
d3d      D          d3d_bmp.cpp:539  _al_d3d_sync_bitmap              [   1.88253] _al_d3d_sync_bitmap (system) ref count == 1
d3d      D          d3d_bmp.cpp:545  _al_d3d_sync_bitmap              [   1.88263] _al_d3d_sync_bitmap (video) ref count == 1
d3d      D          d3d_bmp.cpp:539  _al_d3d_sync_bitmap              [   1.88724] _al_d3d_sync_bitmap (system) ref count == 1
d3d      D          d3d_bmp.cpp:545  _al_d3d_sync_bitmap              [   1.88737] _al_d3d_sync_bitmap (video) ref count == 1
d3d      D          d3d_bmp.cpp:539  _al_d3d_sync_bitmap              [   1.88844] _al_d3d_sync_bitmap (system) ref count == 1
d3d      D          d3d_bmp.cpp:545  _al_d3d_sync_bitmap              [   1.88852] _al_d3d_sync_bitmap (video) ref count == 1
d3d      D          d3d_bmp.cpp:539  _al_d3d_sync_bitmap              [   1.88992] _al_d3d_sync_bitmap (system) ref count == 1
d3d      D          d3d_bmp.cpp:545  _al_d3d_sync_bitmap              [   1.89002] _al_d3d_sync_bitmap (video) ref count == 1
d3d      D          d3d_bmp.cpp:539  _al_d3d_sync_bitmap              [   1.89130] _al_d3d_sync_bitmap (system) ref count == 1
d3d      D          d3d_bmp.cpp:545  _al_d3d_sync_bitmap              [   1.89138] _al_d3d_sync_bitmap (video) ref count == 1
d3d      D          d3d_bmp.cpp:539  _al_d3d_sync_bitmap              [   1.89316] _al_d3d_sync_bitmap (system) ref count == 1
d3d      D          d3d_bmp.cpp:545  _al_d3d_sync_bitmap              [   1.89327] _al_d3d_sync_bitmap (video) ref count == 1
d3d      D          d3d_bmp.cpp:539  _al_d3d_sync_bitmap              [   1.90112] _al_d3d_sync_bitmap (system) ref count == 1
d3d      D          d3d_bmp.cpp:545  _al_d3d_sync_bitmap              [   1.90122] _al_d3d_sync_bitmap (video) ref count == 1
dtor     D               dtor.c:227  _al_unregister_destructor        [ 734.00825] removed dtor for queue 0000000000e83b40
d3d      I         d3d_disp.cpp:915  d3d_destroy_display              [ 734.00939] destroying display 0000000000f3ae60 (current 0000000000000000)
bitmap   D        bitmap_type.c:308  _al_convert_to_memory_bitmap     [ 734.02983] converting display bitmap 0000000000ea2b70 to memory bitmap
dtor     D               dtor.c:196  _al_register_destructor          [ 734.03006] added dtor for bitmap 0000000000e9f520, func 00007ff99fed1bea
d3d      D          d3d_bmp.cpp:539  _al_d3d_sync_bitmap              [ 734.03014] _al_d3d_sync_bitmap (system) ref count == 1
d3d      D          d3d_bmp.cpp:545  _al_d3d_sync_bitmap              [ 734.03017] _al_d3d_sync_bitmap (video) ref count == 1
dtor     D               dtor.c:227  _al_unregister_destructor        [ 734.04774] removed dtor for bitmap 0000000000e9f520
bitmap   D        bitmap_type.c:308  _al_convert_to_memory_bitmap     [ 734.04934] converting display bitmap 0000000000e9f370 to memory bitmap
dtor     D               dtor.c:196  _al_register_destructor          [ 734.04947] added dtor for bitmap 0000000000e9f520, func 00007ff99fed1bea
d3d      D          d3d_bmp.cpp:539  _al_d3d_sync_bitmap              [ 734.04951] _al_d3d_sync_bitmap (system) ref count == 1
d3d      D          d3d_bmp.cpp:545  _al_d3d_sync_bitmap              [ 734.04953] _al_d3d_sync_bitmap (video) ref count == 1
dtor     D               dtor.c:227  _al_unregister_destructor        [ 734.06955] removed dtor for bitmap 0000000000e9f520
bitmap   D        bitmap_type.c:308  _al_convert_to_memory_bitmap     [ 734.07241] converting display bitmap 0000000000ea6020 to memory bitmap
dtor     D               dtor.c:196  _al_register_destructor          [ 734.07256] added dtor for bitmap 0000000000e9f520, func 00007ff99fed1bea
d3d      D          d3d_bmp.cpp:539  _al_d3d_sync_bitmap              [ 734.07261] _al_d3d_sync_bitmap (system) ref count == 1
d3d      D          d3d_bmp.cpp:545  _al_d3d_sync_bitmap              [ 734.07263] _al_d3d_sync_bitmap (video) ref count == 1
dtor     D               dtor.c:227  _al_unregister_destructor        [ 734.09157] removed dtor for bitmap 0000000000e9f520
bitmap   D        bitmap_type.c:308  _al_convert_to_memory_bitmap     [ 734.09323] converting display bitmap 0000000000e83c40 to memory bitmap
dtor     D               dtor.c:196  _al_register_destructor          [ 734.09334] added dtor for bitmap 0000000000e9f520, func 00007ff99fed1bea
d3d      D          d3d_bmp.cpp:539  _al_d3d_sync_bitmap              [ 734.09339] _al_d3d_sync_bitmap (system) ref count == 1
d3d      D          d3d_bmp.cpp:545  _al_d3d_sync_bitmap              [ 734.09341] _al_d3d_sync_bitmap (video) ref count == 1
dtor     D               dtor.c:227  _al_unregister_destructor        [ 734.09547] removed dtor for bitmap 0000000000e9f520
bitmap   D        bitmap_type.c:308  _al_convert_to_memory_bitmap     [ 734.09565] converting display bitmap 0000000000e0a3b0 to memory bitmap
dtor     D               dtor.c:196  _al_register_destructor          [ 734.09568] added dtor for bitmap 0000000000e9f520, func 00007ff99fed1bea
d3d      D          d3d_bmp.cpp:539  _al_d3d_sync_bitmap              [ 734.09571] _al_d3d_sync_bitmap (system) ref count == 1
d3d      D          d3d_bmp.cpp:545  _al_d3d_sync_bitmap              [ 734.09573] _al_d3d_sync_bitmap (video) ref count == 1
dtor     D               dtor.c:227  _al_unregister_destructor        [ 734.09844] removed dtor for bitmap 0000000000e9f520
bitmap   D        bitmap_type.c:308  _al_convert_to_memory_bitmap     [ 734.09880] converting display bitmap 0000000000e25210 to memory bitmap
dtor     D               dtor.c:196  _al_register_destructor          [ 734.09893] added dtor for bitmap 0000000000e9f520, func 00007ff99fed1bea
d3d      D          d3d_bmp.cpp:539  _al_d3d_sync_bitmap              [ 734.09901] _al_d3d_sync_bitmap (system) ref count == 1
d3d      D          d3d_bmp.cpp:545  _al_d3d_sync_bitmap              [ 734.09904] _al_d3d_sync_bitmap (video) ref count == 1
dtor     D               dtor.c:227  _al_unregister_destructor        [ 734.10301] removed dtor for bitmap 0000000000e9f520
bitmap   D        bitmap_type.c:308  _al_convert_to_memory_bitmap     [ 734.10461] converting display bitmap 0000000000e0a620 to memory bitmap
dtor     D               dtor.c:196  _al_register_destructor          [ 734.10472] added dtor for bitmap 0000000000e9f520, func 00007ff99fed1bea
d3d      D          d3d_bmp.cpp:539  _al_d3d_sync_bitmap              [ 734.10475] _al_d3d_sync_bitmap (system) ref count == 1
d3d      D          d3d_bmp.cpp:545  _al_d3d_sync_bitmap              [ 734.10477] _al_d3d_sync_bitmap (video) ref count == 1
dtor     D               dtor.c:227  _al_unregister_destructor        [ 734.14383] removed dtor for bitmap 0000000000e9f520
d3d      D         d3d_disp.cpp:899  d3d_destroy_display_internals    [ 734.14559] waiting for display 0000000000f3ae60's thread to end
d3d      W         d3d_disp.cpp:608  d3d_destroy_device               [ 734.25743] d3d_destroy_device: ref count not 0
d3d      W         d3d_disp.cpp:608  d3d_destroy_device               [ 734.25753] d3d_destroy_device: ref count not 0
d3d      I         d3d_disp.cpp:1562 d3d_display_thread_proc          [ 734.49056] d3d display thread exits
dtor     D               dtor.c:227  _al_unregister_destructor        [ 734.49193] removed dtor for ttf_font 0000000000dfa8c0
dtor     D               dtor.c:227  _al_unregister_destructor        [ 734.49322] removed dtor for sample 0000000000dfada0
dtor     D               dtor.c:227  _al_unregister_destructor        [ 734.49706] removed dtor for sample_instance 0000000000e04610
dtor     D               dtor.c:116  _al_run_destructors              [ 734.49725] calling dtor for bitmap 0000000000ea6020, func 00007ff99fed1bea
dtor     D               dtor.c:227  _al_unregister_destructor        [ 734.49728] removed dtor for bitmap 0000000000ea6020
dtor     D               dtor.c:116  _al_run_destructors              [ 734.49730] calling dtor for timer 0000000000e9ad70, func 00007ff99ff0fb3b
dtor     D               dtor.c:227  _al_unregister_destructor        [ 734.49735] removed dtor for timer 0000000000e9ad70
dtor     D               dtor.c:116  _al_run_destructors              [ 734.49740] calling dtor for ttf_font 0000000000e18780, func 00007ff99fff4c05
dtor     D               dtor.c:227  _al_unregister_destructor        [ 734.49742] removed dtor for ttf_font 0000000000e18780
dtor     D               dtor.c:116  _al_run_destructors              [ 734.49853] calling dtor for bitmap 0000000000e83c40, func 00007ff99fed1bea
dtor     D               dtor.c:227  _al_unregister_destructor        [ 734.49923] removed dtor for bitmap 0000000000e83c40
dtor     D               dtor.c:116  _al_run_destructors              [ 734.49926] calling dtor for ttf_font 0000000000e18570, func 00007ff99fff4c05
dtor     D               dtor.c:227  _al_unregister_destructor        [ 734.49928] removed dtor for ttf_font 0000000000e18570
dtor     D               dtor.c:116  _al_run_destructors              [ 734.50093] calling dtor for bitmap 0000000000e0a3b0, func 00007ff99fed1bea
dtor     D               dtor.c:227  _al_unregister_destructor        [ 734.50104] removed dtor for bitmap 0000000000e0a3b0
dtor     D               dtor.c:116  _al_run_destructors              [ 734.50108] calling dtor for bitmap 0000000000e25210, func 00007ff99fed1bea
dtor     D               dtor.c:227  _al_unregister_destructor        [ 734.50155] removed dtor for bitmap 0000000000e25210
dtor     D               dtor.c:116  _al_run_destructors              [ 734.50160] calling dtor for bitmap 0000000000e0a620, func 00007ff99fed1bea
dtor     D               dtor.c:227  _al_unregister_destructor        [ 734.50162] removed dtor for bitmap 0000000000e0a620
dtor     D               dtor.c:227  _al_unregister_destructor        [ 734.50199] removed dtor for sample_instance 0000000000e03210
dtor     D               dtor.c:227  _al_unregister_destructor        [ 734.50207] removed dtor for sample_instance 0000000000e03330
dtor     D               dtor.c:227  _al_unregister_destructor        [ 734.50209] removed dtor for sample_instance 0000000000e034a0
dtor     D               dtor.c:227  _al_unregister_destructor        [ 734.50211] removed dtor for sample_instance 0000000000e035c0
dtor     D               dtor.c:227  _al_unregister_destructor        [ 734.50213] removed dtor for sample_instance 0000000000e03770
dtor     D               dtor.c:227  _al_unregister_destructor        [ 734.50217] removed dtor for sample_instance 0000000000e03890
dtor     D               dtor.c:227  _al_unregister_destructor        [ 734.50219] removed dtor for sample_instance 0000000000e039b0
dtor     D               dtor.c:227  _al_unregister_destructor        [ 734.50221] removed dtor for sample_instance 0000000000e03ad0
dtor     D               dtor.c:227  _al_unregister_destructor        [ 734.50223] removed dtor for sample_instance 0000000000e04020
dtor     D               dtor.c:227  _al_unregister_destructor        [ 734.50225] removed dtor for sample_instance 0000000000e04140
dtor     D               dtor.c:227  _al_unregister_destructor        [ 734.50235] removed dtor for sample_instance 0000000000e04260
dtor     D               dtor.c:227  _al_unregister_destructor        [ 734.50239] removed dtor for sample_instance 0000000000e04380
dtor     D               dtor.c:227  _al_unregister_destructor        [ 734.50241] removed dtor for sample_instance 0000000000e04f10
dtor     D               dtor.c:227  _al_unregister_destructor        [ 734.50242] removed dtor for sample_instance 0000000000e05270
dtor     D               dtor.c:227  _al_unregister_destructor        [ 734.50245] removed dtor for sample_instance 0000000000e04850
dtor     D               dtor.c:227  _al_unregister_destructor        [ 734.50248] removed dtor for sample_instance 0000000000e05030
dtor     D               dtor.c:227  _al_unregister_destructor        [ 734.50250] removed dtor for sample_instance 0000000000e04df0
dtor     D               dtor.c:227  _al_unregister_destructor        [ 734.50256] removed dtor for sample_instance 0000000000e05150
dtor     D               dtor.c:227  _al_unregister_destructor        [ 734.50273] removed dtor for sample_instance 0000000000e044f0
dtor     D               dtor.c:227  _al_unregister_destructor        [ 734.50276] removed dtor for sample_instance 0000000000e04970
dtor     D               dtor.c:227  _al_unregister_destructor        [ 734.50278] removed dtor for mixer 0000000000e02ce0
audio-dsound D           dsound.cpp:528  _dsound_stop_voice               [ 734.50281] Stopping voice
audio-dsound D           dsound.cpp:545  _dsound_stop_voice               [ 734.50283] Joining thread
audio-dsound D           dsound.cpp:551  _dsound_stop_voice               [ 734.55772] Joined thread
audio-dsound D           dsound.cpp:553  _dsound_stop_voice               [ 734.55781] Destroying thread
audio-dsound D           dsound.cpp:555  _dsound_stop_voice               [ 734.55784] Thread destroyed
audio-dsound D           dsound.cpp:562  _dsound_stop_voice               [ 734.55785] Releasing buffer
audio-dsound I           dsound.cpp:566  _dsound_stop_voice               [ 734.55788] Voice stopped
dtor     D               dtor.c:227  _al_unregister_destructor        [ 734.55790] removed dtor for voice 0000000000e02ba0
audio-dsound D           dsound.cpp:380  _dsound_deallocate_voice         [ 734.55792] Deallocating voice
audio-dsound D           dsound.cpp:385  _dsound_deallocate_voice         [ 734.55793] Deallocated voice
audio-dsound D           dsound.cpp:296  _dsound_close                    [ 734.55797] Releasing device
audio-dsound D           dsound.cpp:298  _dsound_close                    [ 734.87617] Released device
audio-dsound I           dsound.cpp:299  _dsound_close                    [ 734.87633] DirectSound closed
